Hot Spots
└─ Check file /home/dan/projects/typescript-perf/src/messages.ts (110091ms)
   ├─ Check deferred node from (line 6121, char 3) to (line 6422, char 4) (47870ms)
   │  ├─ Check expression from (line 6392, char 7) to (line 6394, char 43) (1607ms)
   │  ├─ Check expression from (line 6412, char 7) to (line 6414, char 56) (1597ms)
   │  ├─ Check expression from (line 6402, char 7) to (line 6404, char 44) (1574ms)
   │  ├─ Check expression from (line 6312, char 7) to (line 6314, char 56) (1449ms)
   │  ├─ Check expression from (line 6382, char 7) to (line 6384, char 51) (1439ms)
   │  ├─ Check expression from (line 6372, char 7) to (line 6374, char 48) (1389ms)
   │  ├─ Check expression from (line 6302, char 7) to (line 6304, char 53) (1358ms)
   │  ├─ Check expression from (line 6322, char 7) to (line 6324, char 56) (1285ms)
   │  ├─ Check expression from (line 6292, char 7) to (line 6294, char 53) (1273ms)
   │  ├─ Check expression from (line 6282, char 7) to (line 6284, char 50) (1262ms)
   │  ├─ Check expression from (line 6342, char 7) to (line 6344, char 49) (1237ms)
   │  ├─ Check expression from (line 6352, char 7) to (line 6354, char 54) (1187ms)
   │  ├─ Check expression from (line 6332, char 7) to (line 6334, char 48) (1181ms)
   │  ├─ Check expression from (line 6258, char 7) to (line 6260, char 54) (1158ms)
   │  ├─ Check expression from (line 6362, char 7) to (line 6364, char 58) (1111ms)
   │  ├─ Check expression from (line 6275, char 7) to (line 6277, char 43) (1083ms)
   │  ├─ Check expression from (line 6268, char 7) to (line 6270, char 44) (947ms)
   │  ├─ Check expression from (line 6406, char 7) to (line 6409, char 8) (812ms)
   │  │  └─ Check expression from (line 6406, char 25) to (line 6409, char 8) (812ms)
   │  │     └─ Check expression from (line 6408, char 23) to (line 6408, char 89) (811ms)
   │  ├─ Check expression from (line 6416, char 7) to (line 6419, char 8) (802ms)
   │  │  └─ Check expression from (line 6416, char 25) to (line 6419, char 8) (802ms)
   │  │     └─ Check expression from (line 6418, char 35) to (line 6418, char 112) (801ms)
   │  ├─ Check expression from (line 6248, char 7) to (line 6250, char 50) (789ms)
   │  ├─ Check expression from (line 6386, char 7) to (line 6389, char 8) (774ms)
   │  │  └─ Check expression from (line 6386, char 25) to (line 6389, char 8) (774ms)
   │  │     └─ Check expression from (line 6388, char 30) to (line 6388, char 97) (774ms)
   │  ├─ Check expression from (line 6306, char 7) to (line 6309, char 8) (768ms)
   │  │  └─ Check expression from (line 6306, char 25) to (line 6309, char 8) (768ms)
   │  │     └─ Check expression from (line 6308, char 32) to (line 6308, char 103) (767ms)
   │  ├─ Check expression from (line 6238, char 7) to (line 6240, char 57) (742ms)
   │  ├─ Check expression from (line 6396, char 7) to (line 6399, char 8) (724ms)
   │  │  └─ Check expression from (line 6396, char 25) to (line 6399, char 8) (723ms)
   │  │     └─ Check expression from (line 6398, char 22) to (line 6398, char 86) (723ms)
   │  ├─ Check expression from (line 6376, char 7) to (line 6379, char 8) (716ms)
   │  │  └─ Check expression from (line 6376, char 25) to (line 6379, char 8) (716ms)
   │  │     └─ Check expression from (line 6378, char 27) to (line 6378, char 88) (715ms)
   │  ├─ Check expression from (line 6316, char 7) to (line 6319, char 8) (715ms)
   │  │  └─ Check expression from (line 6316, char 25) to (line 6319, char 8) (715ms)
   │  │     └─ Check expression from (line 6318, char 35) to (line 6318, char 112) (714ms)
   │  ├─ Check expression from (line 6218, char 7) to (line 6220, char 47) (684ms)
   │  ├─ Check expression from (line 6228, char 7) to (line 6230, char 52) (671ms)
   │  ├─ Check expression from (line 6366, char 7) to (line 6369, char 8) (666ms)
   │  │  └─ Check expression from (line 6366, char 25) to (line 6369, char 8) (665ms)
   │  │     └─ Check expression from (line 6368, char 37) to (line 6368, char 118) (665ms)
   │  ├─ Check expression from (line 6296, char 7) to (line 6299, char 8) (647ms)
   │  │  └─ Check expression from (line 6296, char 25) to (line 6299, char 8) (646ms)
   │  │     └─ Check expression from (line 6298, char 32) to (line 6298, char 103) (646ms)
   │  ├─ Check expression from (line 6346, char 7) to (line 6349, char 8) (620ms)
   │  │  └─ Check expression from (line 6346, char 25) to (line 6349, char 8) (620ms)
   │  │     └─ Check expression from (line 6348, char 28) to (line 6348, char 91) (620ms)
   │  ├─ Check expression from (line 6336, char 7) to (line 6339, char 8) (590ms)
   │  │  └─ Check expression from (line 6336, char 25) to (line 6339, char 8) (589ms)
   │  │     └─ Check expression from (line 6338, char 27) to (line 6338, char 88) (589ms)
   │  ├─ Check expression from (line 6286, char 7) to (line 6289, char 8) (588ms)
   │  │  └─ Check expression from (line 6286, char 25) to (line 6289, char 8) (588ms)
   │  │     └─ Check expression from (line 6288, char 29) to (line 6288, char 94) (588ms)
   │  ├─ Check expression from (line 6326, char 7) to (line 6329, char 8) (573ms)
   │  │  └─ Check expression from (line 6326, char 25) to (line 6329, char 8) (572ms)
   │  │     └─ Check expression from (line 6328, char 35) to (line 6328, char 112) (572ms)
   │  ├─ Check expression from (line 6356, char 7) to (line 6359, char 8) (568ms)
   │  │  └─ Check expression from (line 6356, char 25) to (line 6359, char 8) (568ms)
   │  │     └─ Check expression from (line 6358, char 33) to (line 6358, char 106) (567ms)
   │  ├─ Check expression from (line 6208, char 7) to (line 6210, char 50) (566ms)
   │  ├─ Check expression from (line 6252, char 7) to (line 6255, char 8) (562ms)
   │  │  └─ Check expression from (line 6252, char 25) to (line 6255, char 8) (562ms)
   │  │     └─ Check expression from (line 6254, char 29) to (line 6254, char 94) (561ms)
   │  └─ Check expression from (line 6279, char 7) to (line 6279, char 115) (555ms)
   │     └─ Check expression from (line 6279, char 25) to (line 6279, char 115) (554ms)
   │        └─ Check expression from (line 6279, char 62) to (line 6279, char 113) (554ms)
   ├─ Check deferred node from (line 14884, char 3) to (line 15149, char 4) (27685ms)
   │  ├─ Check expression from (line 15139, char 7) to (line 15141, char 56) (1357ms)
   │  ├─ Check expression from (line 15117, char 7) to (line 15119, char 62) (1325ms)
   │  ├─ Check expression from (line 15129, char 7) to (line 15131, char 55) (1256ms)
   │  ├─ Check expression from (line 15107, char 7) to (line 15109, char 53) (1206ms)
   │  ├─ Check expression from (line 15097, char 7) to (line 15099, char 45) (1194ms)
   │  ├─ Check expression from (line 15087, char 7) to (line 15089, char 50) (1017ms)
   │  ├─ Check expression from (line 15077, char 7) to (line 15079, char 55) (785ms)
   │  ├─ Check expression from (line 15065, char 7) to (line 15067, char 62) (752ms)
   │  ├─ Check expression from (line 15055, char 7) to (line 15057, char 50) (712ms)
   │  ├─ Check expression from (line 15133, char 7) to (line 15136, char 8) (701ms)
   │  │  └─ Check expression from (line 15133, char 25) to (line 15136, char 8) (700ms)
   │  │     └─ Check expression from (line 15135, char 34) to (line 15135, char 109) (700ms)
   │  ├─ Check expression from (line 15045, char 7) to (line 15047, char 57) (672ms)
   │  ├─ Check expression from (line 15111, char 7) to (line 15114, char 8) (656ms)
   │  │  └─ Check expression from (line 15111, char 25) to (line 15114, char 8) (656ms)
   │  │     └─ Check expression from (line 15113, char 32) to (line 15113, char 103) (655ms)
   │  ├─ Check expression from (line 15143, char 7) to (line 15146, char 8) (650ms)
   │  │  └─ Check expression from (line 15143, char 25) to (line 15146, char 8) (650ms)
   │  │     └─ Check expression from (line 15145, char 35) to (line 15145, char 112) (649ms)
   │  ├─ Check expression from (line 15035, char 7) to (line 15037, char 52) (626ms)
   │  ├─ Check expression from (line 15101, char 7) to (line 15104, char 8) (625ms)
   │  │  └─ Check expression from (line 15101, char 25) to (line 15104, char 8) (625ms)
   │  │     └─ Check expression from (line 15103, char 24) to (line 15103, char 79) (625ms)
   │  ├─ Check expression from (line 15025, char 7) to (line 15027, char 51) (597ms)
   │  ├─ Check expression from (line 15121, char 7) to (line 15126, char 8) (592ms)
   │  │  └─ Check expression from (line 15121, char 25) to (line 15126, char 8) (591ms)
   │  │     └─ Check expression from (line 15123, char 41) to (line 15125, char 10) (591ms)
   │  ├─ Check expression from (line 15015, char 7) to (line 15017, char 54) (547ms)
   │  ├─ Check expression from (line 15091, char 7) to (line 15094, char 8) (529ms)
   │  │  └─ Check expression from (line 15091, char 25) to (line 15094, char 8) (529ms)
   │  │     └─ Check expression from (line 15093, char 29) to (line 15093, char 94) (528ms)
   │  └─ Check expression from (line 15005, char 7) to (line 15007, char 50) (512ms)
   ├─ Check deferred node from (line 10481, char 3) to (line 10714, char 4) (18011ms)
   │  ├─ Check expression from (line 10704, char 7) to (line 10706, char 53) (901ms)
   │  ├─ Check expression from (line 10697, char 7) to (line 10699, char 44) (771ms)
   │  ├─ Check expression from (line 10690, char 7) to (line 10692, char 43) (760ms)
   │  ├─ Check expression from (line 10680, char 7) to (line 10682, char 46) (690ms)
   │  ├─ Check expression from (line 10670, char 7) to (line 10672, char 58) (672ms)
   │  ├─ Check expression from (line 10660, char 7) to (line 10662, char 52) (659ms)
   │  ├─ Check expression from (line 10650, char 7) to (line 10652, char 56) (584ms)
   │  ├─ Check expression from (line 10640, char 7) to (line 10642, char 54) (574ms)
   │  ├─ Check expression from (line 10630, char 7) to (line 10632, char 54) (537ms)
   │  └─ Check expression from (line 10620, char 7) to (line 10622, char 51) (512ms)
   ├─ Check deferred node from (line 16828, char 3) to (line 17023, char 4) (9657ms)
   ├─ Check deferred node from (line 8533, char 3) to (line 8660, char 4) (1500ms)
   ├─ Check deferred node from (line 7397, char 3) to (line 7515, char 4) (1147ms)
   ├─ Check deferred node from (line 3628, char 3) to (line 3751, char 4) (1119ms)
   └─ Check deferred node from (line 17357, char 3) to (line 17479, char 4) (977ms)

No duplicate packages found
